Time:5000		di_en: 0	di_re:     0	di_im:     0 -> do_en: x	do_re:     x	do_im:     x
Time:15000		di_en: 0	di_re:     0	di_im:     0 -> do_en: 0	do_re:     0	do_im:     0
Time:25000		di_en: 0	di_re:     0	di_im:     0 -> do_en: 0	do_re:     0	do_im:     0
Time:35000		di_en: 0	di_re:     0	di_im:     0 -> do_en: 0	do_re:     0	do_im:     0
Time:45000		di_en: 0	di_re:     0	di_im:     0 -> do_en: 0	do_re:     0	do_im:     0
Time:55000		di_en: 0	di_re:     0	di_im:     0 -> do_en: 0	do_re:     0	do_im:     0
Time:65000		di_en: 0	di_re:     0	di_im:     0 -> do_en: 0	do_re:     0	do_im:     0
Time:75000		di_en: 0	di_re:     0	di_im:     0 -> do_en: 0	do_re:     0	do_im:     0
Time:85000		di_en: 0	di_re:     0	di_im:     0 -> do_en: 0	do_re:     0	do_im:     0
Time:95000		di_en: 0	di_re:     0	di_im:     0 -> do_en: 0	do_re:     0	do_im:     0
Time:105000		di_en: 0	di_re:     0	di_im:     0 -> do_en: 0	do_re:     0	do_im:     0
Time:115000		di_en: 0	di_re:     0	di_im:     0 -> do_en: 0	do_re:     0	do_im:     0
Time:125000		di_en: 0	di_re:     0	di_im:     0 -> do_en: 0	do_re:     0	do_im:     0
Time:135000		di_en: 0	di_re:     0	di_im:     0 -> do_en: 0	do_re:     0	do_im:     0
Time:145000		di_en: 0	di_re:     0	di_im:     0 -> do_en: 0	do_re:     0	do_im:     0
Time:155000		di_en: 0	di_re:     0	di_im:     0 -> do_en: 0	do_re:     0	do_im:     0
Time:165000		di_en: 0	di_re:     0	di_im:     0 -> do_en: 0	do_re:     0	do_im:     0
Time:175000		di_en: 0	di_re:     0	di_im:     0 -> do_en: 0	do_re:     0	do_im:     0
Time:185000		di_en: 0	di_re:     0	di_im:     0 -> do_en: 0	do_re:     0	do_im:     0
Time:195000		di_en: 0	di_re:     0	di_im:     0 -> do_en: 0	do_re:     0	do_im:     0
Time:205000		di_en: 0	di_re:     0	di_im:     0 -> do_en: 0	do_re:     0	do_im:     0
Time:215000		di_en: 0	di_re:     0	di_im:     0 -> do_en: 0	do_re:     0	do_im:     0
Time:225000		di_en: 1	di_re:     0	di_im:   127 -> do_en: 0	do_re:     0	do_im:     0
Time:235000		di_en: 1	di_re:     0	di_im:   127 -> do_en: 0	do_re:     0	do_im:     0
Time:245000		di_en: 1	di_re:    32	di_im:    95 -> do_en: 0	do_re:     0	do_im:     0
Time:255000		di_en: 1	di_re:    32	di_im:    95 -> do_en: 0	do_re:     0	do_im:     0
Time:265000		di_en: 1	di_re:    16	di_im:   111 -> do_en: 0	do_re:     0	do_im:     0
Time:275000		di_en: 1	di_re:    16	di_im:   111 -> do_en: 0	do_re:     0	do_im:     0
Time:285000		di_en: 1	di_re:    48	di_im:    79 -> do_en: 0	do_re:     0	do_im:     0
Time:295000		di_en: 1	di_re:    48	di_im:    79 -> do_en: 0	do_re:     0	do_im:     0
Time:305000		di_en: 1	di_re:     8	di_im:   119 -> do_en: 0	do_re:     0	do_im:     0
Time:315000		di_en: 1	di_re:     8	di_im:   119 -> do_en: 0	do_re:     0	do_im:     0
Time:325000		di_en: 1	di_re:    40	di_im:    87 -> do_en: 0	do_re:     0	do_im:     0
Time:335000		di_en: 1	di_re:    40	di_im:    87 -> do_en: 0	do_re:     0	do_im:     0
Time:345000		di_en: 1	di_re:    24	di_im:   103 -> do_en: 0	do_re:     0	do_im:     0
Time:355000		di_en: 1	di_re:    24	di_im:   103 -> do_en: 0	do_re:     0	do_im:     0
Time:365000		di_en: 1	di_re:    56	di_im:    71 -> do_en: 0	do_re:     0	do_im:     0
Time:375000		di_en: 1	di_re:    56	di_im:    71 -> do_en: 0	do_re:     0	do_im:     0
Time:385000		di_en: 1	di_re:     4	di_im:   123 -> do_en: 0	do_re:     0	do_im:     0
Time:395000		di_en: 1	di_re:     4	di_im:   123 -> do_en: 0	do_re:     0	do_im:     0
Time:405000		di_en: 1	di_re:    36	di_im:    91 -> do_en: 0	do_re:     0	do_im:     0
Time:415000		di_en: 1	di_re:    36	di_im:    91 -> do_en: 0	do_re:     0	do_im:     0
Time:425000		di_en: 1	di_re:    20	di_im:   107 -> do_en: 0	do_re:     0	do_im:     0
Time:435000		di_en: 1	di_re:    20	di_im:   107 -> do_en: 0	do_re:     0	do_im:     0
Time:445000		di_en: 1	di_re:    52	di_im:    75 -> do_en: 0	do_re:     0	do_im:     0
Time:455000		di_en: 1	di_re:    52	di_im:    75 -> do_en: 0	do_re:     0	do_im:     0
Time:465000		di_en: 1	di_re:    12	di_im:   115 -> do_en: 0	do_re:     0	do_im:     0
Time:475000		di_en: 1	di_re:    12	di_im:   115 -> do_en: 0	do_re:     0	do_im:     0
Time:485000		di_en: 1	di_re:    44	di_im:    83 -> do_en: 0	do_re:     0	do_im:     0
Time:495000		di_en: 1	di_re:    44	di_im:    83 -> do_en: 0	do_re:     0	do_im:     0
Time:505000		di_en: 1	di_re:    28	di_im:    99 -> do_en: 0	do_re:     0	do_im:     0
Time:515000		di_en: 1	di_re:    28	di_im:    99 -> do_en: 0	do_re:     0	do_im:     0
Time:525000		di_en: 1	di_re:    60	di_im:    67 -> do_en: 0	do_re:     0	do_im:     0
Time:535000		di_en: 1	di_re:    60	di_im:    67 -> do_en: 0	do_re:     0	do_im:     0
Time:545000		di_en: 1	di_re:     2	di_im:   125 -> do_en: 0	do_re:     0	do_im:     0
Time:555000		di_en: 1	di_re:     2	di_im:   125 -> do_en: 0	do_re:     0	do_im:     0
Time:565000		di_en: 1	di_re:    34	di_im:    93 -> do_en: 0	do_re:     0	do_im:     0
Time:575000		di_en: 1	di_re:    34	di_im:    93 -> do_en: 0	do_re:     0	do_im:     0
Time:585000		di_en: 1	di_re:    18	di_im:   109 -> do_en: 0	do_re:     0	do_im:     0
Time:595000		di_en: 1	di_re:    18	di_im:   109 -> do_en: 0	do_re:     0	do_im:     0
Time:605000		di_en: 1	di_re:    50	di_im:    77 -> do_en: 0	do_re:     0	do_im:     0
Time:615000		di_en: 1	di_re:    50	di_im:    77 -> do_en: 0	do_re:     0	do_im:     0
Time:625000		di_en: 1	di_re:    10	di_im:   117 -> do_en: 0	do_re:     0	do_im:     0
Time:635000		di_en: 1	di_re:    10	di_im:   117 -> do_en: 0	do_re:     0	do_im:     0
Time:645000		di_en: 1	di_re:    42	di_im:    85 -> do_en: 0	do_re:     0	do_im:     0
Time:655000		di_en: 1	di_re:    42	di_im:    85 -> do_en: 0	do_re:     0	do_im:     0
Time:665000		di_en: 1	di_re:    26	di_im:   101 -> do_en: 0	do_re:     0	do_im:     0
Time:675000		di_en: 1	di_re:    26	di_im:   101 -> do_en: 0	do_re:     0	do_im:     0
Time:685000		di_en: 1	di_re:    58	di_im:    69 -> do_en: 0	do_re:     0	do_im:     0
Time:695000		di_en: 1	di_re:    58	di_im:    69 -> do_en: 0	do_re:     0	do_im:     0
Time:705000		di_en: 1	di_re:     6	di_im:   121 -> do_en: 0	do_re:     0	do_im:     0
Time:715000		di_en: 1	di_re:     6	di_im:   121 -> do_en: 0	do_re:     0	do_im:     0
Time:725000		di_en: 1	di_re:    38	di_im:    89 -> do_en: 0	do_re:     0	do_im:     0
Time:735000		di_en: 1	di_re:    38	di_im:    89 -> do_en: 0	do_re:     0	do_im:     0
Time:745000		di_en: 1	di_re:    22	di_im:   105 -> do_en: 0	do_re:     0	do_im:     0
Time:755000		di_en: 1	di_re:    22	di_im:   105 -> do_en: 0	do_re:     0	do_im:     0
Time:765000		di_en: 1	di_re:    54	di_im:    73 -> do_en: 0	do_re:     0	do_im:     0
Time:775000		di_en: 1	di_re:    54	di_im:    73 -> do_en: 0	do_re:     0	do_im:     0
Time:785000		di_en: 1	di_re:    14	di_im:   113 -> do_en: 0	do_re:     0	do_im:     0
Time:795000		di_en: 1	di_re:    14	di_im:   113 -> do_en: 0	do_re:     0	do_im:     0
Time:805000		di_en: 1	di_re:    46	di_im:    81 -> do_en: 0	do_re:     0	do_im:     0
Time:815000		di_en: 1	di_re:    46	di_im:    81 -> do_en: 0	do_re:     0	do_im:     0
Time:825000		di_en: 1	di_re:    30	di_im:    97 -> do_en: 0	do_re:     0	do_im:     0
Time:835000		di_en: 1	di_re:    30	di_im:    97 -> do_en: 0	do_re:     0	do_im:     0
Time:845000		di_en: 1	di_re:    62	di_im:    65 -> do_en: 0	do_re:     0	do_im:     0
Time:855000		di_en: 1	di_re:    62	di_im:    65 -> do_en: 0	do_re:     0	do_im:     0
Time:865000		di_en: 1	di_re:     1	di_im:   126 -> do_en: 0	do_re:     0	do_im:     0
Time:875000		di_en: 1	di_re:     1	di_im:   126 -> do_en: 0	do_re:     0	do_im:     0
Time:885000		di_en: 1	di_re:    33	di_im:    94 -> do_en: 0	do_re:     0	do_im:     0
Time:895000		di_en: 1	di_re:    33	di_im:    94 -> do_en: 0	do_re:     0	do_im:     0
Time:905000		di_en: 1	di_re:    17	di_im:   110 -> do_en: 0	do_re:     0	do_im:     0
Time:915000		di_en: 1	di_re:    17	di_im:   110 -> do_en: 0	do_re:     0	do_im:     0
Time:925000		di_en: 1	di_re:    49	di_im:    78 -> do_en: 0	do_re:     0	do_im:     0
Time:935000		di_en: 1	di_re:    49	di_im:    78 -> do_en: 0	do_re:     0	do_im:     0
Time:945000		di_en: 1	di_re:     9	di_im:   118 -> do_en: 0	do_re:     0	do_im:     0
Time:955000		di_en: 1	di_re:     9	di_im:   118 -> do_en: 0	do_re:     0	do_im:     0
Time:965000		di_en: 1	di_re:    41	di_im:    86 -> do_en: 0	do_re:     0	do_im:     0
Time:975000		di_en: 1	di_re:    41	di_im:    86 -> do_en: 0	do_re:     0	do_im:     0
Time:985000		di_en: 1	di_re:    25	di_im:   102 -> do_en: 0	do_re:     0	do_im:     0
Time:995000		di_en: 1	di_re:    25	di_im:   102 -> do_en: 0	do_re:     0	do_im:     0
Time:1005000		di_en: 1	di_re:    57	di_im:    70 -> do_en: 0	do_re:     0	do_im:     0
Time:1015000		di_en: 1	di_re:    57	di_im:    70 -> do_en: 0	do_re:     0	do_im:     0
Time:1025000		di_en: 1	di_re:     5	di_im:   122 -> do_en: 0	do_re:     0	do_im:     0
Time:1035000		di_en: 1	di_re:     5	di_im:   122 -> do_en: 0	do_re:     0	do_im:     0
Time:1045000		di_en: 1	di_re:    37	di_im:    90 -> do_en: 0	do_re:     0	do_im:     0
Time:1055000		di_en: 1	di_re:    37	di_im:    90 -> do_en: 0	do_re:     0	do_im:     0
Time:1065000		di_en: 1	di_re:    21	di_im:   106 -> do_en: 0	do_re:     0	do_im:     0
Time:1075000		di_en: 1	di_re:    21	di_im:   106 -> do_en: 0	do_re:     0	do_im:     0
Time:1085000		di_en: 1	di_re:    53	di_im:    74 -> do_en: 0	do_re:     0	do_im:     0
Time:1095000		di_en: 1	di_re:    53	di_im:    74 -> do_en: 0	do_re:     0	do_im:     0
Time:1105000		di_en: 1	di_re:    13	di_im:   114 -> do_en: 0	do_re:     0	do_im:     0
Time:1115000		di_en: 1	di_re:    13	di_im:   114 -> do_en: 0	do_re:     0	do_im:     0
Time:1125000		di_en: 1	di_re:    45	di_im:    82 -> do_en: 0	do_re:     0	do_im:     0
Time:1135000		di_en: 1	di_re:    45	di_im:    82 -> do_en: 0	do_re:     0	do_im:     0
Time:1145000		di_en: 1	di_re:    29	di_im:    98 -> do_en: 0	do_re:     0	do_im:     0
Time:1155000		di_en: 1	di_re:    29	di_im:    98 -> do_en: 0	do_re:     0	do_im:     0
Time:1165000		di_en: 1	di_re:    61	di_im:    66 -> do_en: 0	do_re:     0	do_im:     0
Time:1175000		di_en: 1	di_re:    61	di_im:    66 -> do_en: 0	do_re:     0	do_im:     0
Time:1185000		di_en: 1	di_re:     3	di_im:   124 -> do_en: 0	do_re:     0	do_im:     0
Time:1195000		di_en: 1	di_re:     3	di_im:   124 -> do_en: 0	do_re:     0	do_im:     0
Time:1205000		di_en: 1	di_re:    35	di_im:    92 -> do_en: 0	do_re:     0	do_im:     0
Time:1215000		di_en: 1	di_re:    35	di_im:    92 -> do_en: 0	do_re:     0	do_im:     0
Time:1225000		di_en: 1	di_re:    19	di_im:   108 -> do_en: 0	do_re:     0	do_im:     0
Time:1235000		di_en: 1	di_re:    19	di_im:   108 -> do_en: 0	do_re:     0	do_im:     0
Time:1245000		di_en: 1	di_re:    51	di_im:    76 -> do_en: 0	do_re:     0	do_im:     0
Time:1255000		di_en: 1	di_re:    51	di_im:    76 -> do_en: 0	do_re:     0	do_im:     0
Time:1265000		di_en: 1	di_re:    11	di_im:   116 -> do_en: 0	do_re:     0	do_im:     0
Time:1275000		di_en: 1	di_re:    11	di_im:   116 -> do_en: 0	do_re:     0	do_im:     0
Time:1285000		di_en: 1	di_re:    43	di_im:    84 -> do_en: 0	do_re:     0	do_im:     0
Time:1295000		di_en: 1	di_re:    43	di_im:    84 -> do_en: 0	do_re:     0	do_im:     0
Time:1305000		di_en: 1	di_re:    27	di_im:   100 -> do_en: 0	do_re:     0	do_im:     0
Time:1315000		di_en: 1	di_re:    27	di_im:   100 -> do_en: 0	do_re:     0	do_im:     0
Time:1325000		di_en: 1	di_re:    59	di_im:    68 -> do_en: 0	do_re:     0	do_im:     0
Time:1335000		di_en: 1	di_re:    59	di_im:    68 -> do_en: 0	do_re:     0	do_im:     0
Time:1345000		di_en: 1	di_re:     7	di_im:   120 -> do_en: 0	do_re:     0	do_im:     0
Time:1355000		di_en: 1	di_re:     7	di_im:   120 -> do_en: 0	do_re:     0	do_im:     0
Time:1365000		di_en: 1	di_re:    39	di_im:    88 -> do_en: 0	do_re:     0	do_im:     0
Time:1375000		di_en: 1	di_re:    39	di_im:    88 -> do_en: 0	do_re:     0	do_im:     0
Time:1385000		di_en: 1	di_re:    23	di_im:   104 -> do_en: 0	do_re:     0	do_im:     0
Time:1395000		di_en: 1	di_re:    23	di_im:   104 -> do_en: 0	do_re:     0	do_im:     0
Time:1405000		di_en: 1	di_re:    55	di_im:    72 -> do_en: 0	do_re:     0	do_im:     0
Time:1415000		di_en: 1	di_re:    55	di_im:    72 -> do_en: 0	do_re:     0	do_im:     0
Time:1425000		di_en: 1	di_re:    15	di_im:   112 -> do_en: 0	do_re:     0	do_im:     0
Time:1435000		di_en: 1	di_re:    15	di_im:   112 -> do_en: 0	do_re:     0	do_im:     0
Time:1445000		di_en: 1	di_re:    47	di_im:    80 -> do_en: 0	do_re:     0	do_im:     0
Time:1455000		di_en: 1	di_re:    47	di_im:    80 -> do_en: 0	do_re:     0	do_im:     0
Time:1465000		di_en: 1	di_re:    31	di_im:    96 -> do_en: 0	do_re:     0	do_im:     0
Time:1475000		di_en: 1	di_re:    31	di_im:    96 -> do_en: 0	do_re:     0	do_im:     0
Time:1485000		di_en: 1	di_re:    63	di_im:    64 -> do_en: 0	do_re:     0	do_im:     0
Time:1495000		di_en: 1	di_re:    63	di_im:    64 -> do_en: 0	do_re:     0	do_im:     0
Time:1505000		di_en: 0	di_re:   127	di_im:     0 -> do_en: 0	do_re:     0	do_im:     0
Time:1515000		di_en: 1	di_re:   128	di_im:   255 -> do_en: 0	do_re:     0	do_im:     0
Time:1525000		di_en: 1	di_re:   128	di_im:   255 -> do_en: 1	do_re:     0	do_im:   127
Time:1535000		di_en: 1	di_re:   160	di_im:   223 -> do_en: 1	do_re:     1	do_im:   126
Time:1545000		di_en: 1	di_re:   160	di_im:   223 -> do_en: 1	do_re:     2	do_im:   125
Time:1555000		di_en: 1	di_re:   144	di_im:   239 -> do_en: 1	do_re:     3	do_im:   124
Time:1565000		di_en: 1	di_re:   144	di_im:   239 -> do_en: 1	do_re:     4	do_im:   123
Time:1575000		di_en: 1	di_re:   176	di_im:   207 -> do_en: 1	do_re:     5	do_im:   122
Time:1585000		di_en: 1	di_re:   176	di_im:   207 -> do_en: 1	do_re:     6	do_im:   121
Time:1595000		di_en: 1	di_re:   136	di_im:   247 -> do_en: 1	do_re:     7	do_im:   120
Time:1605000		di_en: 1	di_re:   136	di_im:   247 -> do_en: 1	do_re:     8	do_im:   119
Time:1615000		di_en: 1	di_re:   168	di_im:   215 -> do_en: 1	do_re:     9	do_im:   118
Time:1625000		di_en: 1	di_re:   168	di_im:   215 -> do_en: 1	do_re:    10	do_im:   117
Time:1635000		di_en: 1	di_re:   152	di_im:   231 -> do_en: 1	do_re:    11	do_im:   116
Time:1645000		di_en: 1	di_re:   152	di_im:   231 -> do_en: 1	do_re:    12	do_im:   115
Time:1655000		di_en: 1	di_re:   184	di_im:   199 -> do_en: 1	do_re:    13	do_im:   114
Time:1665000		di_en: 1	di_re:   184	di_im:   199 -> do_en: 1	do_re:    14	do_im:   113
Time:1675000		di_en: 1	di_re:   132	di_im:   251 -> do_en: 1	do_re:    15	do_im:   112
Time:1685000		di_en: 1	di_re:   132	di_im:   251 -> do_en: 1	do_re:    16	do_im:   111
Time:1695000		di_en: 1	di_re:   164	di_im:   219 -> do_en: 1	do_re:    17	do_im:   110
Time:1705000		di_en: 1	di_re:   164	di_im:   219 -> do_en: 1	do_re:    18	do_im:   109
Time:1715000		di_en: 1	di_re:   148	di_im:   235 -> do_en: 1	do_re:    19	do_im:   108
Time:1725000		di_en: 1	di_re:   148	di_im:   235 -> do_en: 1	do_re:    20	do_im:   107
Time:1735000		di_en: 1	di_re:   180	di_im:   203 -> do_en: 1	do_re:    21	do_im:   106
Time:1745000		di_en: 1	di_re:   180	di_im:   203 -> do_en: 1	do_re:    22	do_im:   105
Time:1755000		di_en: 1	di_re:   140	di_im:   243 -> do_en: 1	do_re:    23	do_im:   104
Time:1765000		di_en: 1	di_re:   140	di_im:   243 -> do_en: 1	do_re:    24	do_im:   103
Time:1775000		di_en: 1	di_re:   172	di_im:   211 -> do_en: 1	do_re:    25	do_im:   102
Time:1785000		di_en: 1	di_re:   172	di_im:   211 -> do_en: 1	do_re:    26	do_im:   101
Time:1795000		di_en: 1	di_re:   156	di_im:   227 -> do_en: 1	do_re:    27	do_im:   100
Time:1805000		di_en: 1	di_re:   156	di_im:   227 -> do_en: 1	do_re:    28	do_im:    99
Time:1815000		di_en: 1	di_re:   188	di_im:   195 -> do_en: 1	do_re:    29	do_im:    98
Time:1825000		di_en: 1	di_re:   188	di_im:   195 -> do_en: 1	do_re:    30	do_im:    97
Time:1835000		di_en: 1	di_re:   130	di_im:   253 -> do_en: 1	do_re:    31	do_im:    96
Time:1845000		di_en: 1	di_re:   130	di_im:   253 -> do_en: 1	do_re:    32	do_im:    95
Time:1855000		di_en: 1	di_re:   162	di_im:   221 -> do_en: 1	do_re:    33	do_im:    94
Time:1865000		di_en: 1	di_re:   162	di_im:   221 -> do_en: 1	do_re:    34	do_im:    93
Time:1875000		di_en: 1	di_re:   146	di_im:   237 -> do_en: 1	do_re:    35	do_im:    92
Time:1885000		di_en: 1	di_re:   146	di_im:   237 -> do_en: 1	do_re:    36	do_im:    91
Time:1895000		di_en: 1	di_re:   178	di_im:   205 -> do_en: 1	do_re:    37	do_im:    90
Time:1905000		di_en: 1	di_re:   178	di_im:   205 -> do_en: 1	do_re:    38	do_im:    89
Time:1915000		di_en: 1	di_re:   138	di_im:   245 -> do_en: 1	do_re:    39	do_im:    88
Time:1925000		di_en: 1	di_re:   138	di_im:   245 -> do_en: 1	do_re:    40	do_im:    87
Time:1935000		di_en: 1	di_re:   170	di_im:   213 -> do_en: 1	do_re:    41	do_im:    86
Time:1945000		di_en: 1	di_re:   170	di_im:   213 -> do_en: 1	do_re:    42	do_im:    85
Time:1955000		di_en: 1	di_re:   154	di_im:   229 -> do_en: 1	do_re:    43	do_im:    84
Time:1965000		di_en: 1	di_re:   154	di_im:   229 -> do_en: 1	do_re:    44	do_im:    83
Time:1975000		di_en: 1	di_re:   186	di_im:   197 -> do_en: 1	do_re:    45	do_im:    82
Time:1985000		di_en: 1	di_re:   186	di_im:   197 -> do_en: 1	do_re:    46	do_im:    81
Time:1995000		di_en: 1	di_re:   134	di_im:   249 -> do_en: 1	do_re:    47	do_im:    80
Time:2005000		di_en: 1	di_re:   134	di_im:   249 -> do_en: 1	do_re:    48	do_im:    79
Time:2015000		di_en: 1	di_re:   166	di_im:   217 -> do_en: 1	do_re:    49	do_im:    78
Time:2025000		di_en: 1	di_re:   166	di_im:   217 -> do_en: 1	do_re:    50	do_im:    77
Time:2035000		di_en: 1	di_re:   150	di_im:   233 -> do_en: 1	do_re:    51	do_im:    76
Time:2045000		di_en: 1	di_re:   150	di_im:   233 -> do_en: 1	do_re:    52	do_im:    75
Time:2055000		di_en: 1	di_re:   182	di_im:   201 -> do_en: 1	do_re:    53	do_im:    74
Time:2065000		di_en: 1	di_re:   182	di_im:   201 -> do_en: 1	do_re:    54	do_im:    73
Time:2075000		di_en: 1	di_re:   142	di_im:   241 -> do_en: 1	do_re:    55	do_im:    72
Time:2085000		di_en: 1	di_re:   142	di_im:   241 -> do_en: 1	do_re:    56	do_im:    71
Time:2095000		di_en: 1	di_re:   174	di_im:   209 -> do_en: 1	do_re:    57	do_im:    70
Time:2105000		di_en: 1	di_re:   174	di_im:   209 -> do_en: 1	do_re:    58	do_im:    69
Time:2115000		di_en: 1	di_re:   158	di_im:   225 -> do_en: 1	do_re:    59	do_im:    68
Time:2125000		di_en: 1	di_re:   158	di_im:   225 -> do_en: 1	do_re:    60	do_im:    67
Time:2135000		di_en: 1	di_re:   190	di_im:   193 -> do_en: 1	do_re:    61	do_im:    66
Time:2145000		di_en: 1	di_re:   190	di_im:   193 -> do_en: 1	do_re:    62	do_im:    65
Time:2155000		di_en: 1	di_re:   129	di_im:   254 -> do_en: 1	do_re:    63	do_im:    64
Time:2165000		di_en: 1	di_re:   129	di_im:   254 -> do_en: 1	do_re:     0	do_im:   127
Time:2175000		di_en: 1	di_re:   161	di_im:   222 -> do_en: 1	do_re:     1	do_im:   126
Time:2185000		di_en: 1	di_re:   161	di_im:   222 -> do_en: 1	do_re:     2	do_im:   125
Time:2195000		di_en: 1	di_re:   145	di_im:   238 -> do_en: 1	do_re:     3	do_im:   124
Time:2205000		di_en: 1	di_re:   145	di_im:   238 -> do_en: 1	do_re:     4	do_im:   123
Time:2215000		di_en: 1	di_re:   177	di_im:   206 -> do_en: 1	do_re:     5	do_im:   122
Time:2225000		di_en: 1	di_re:   177	di_im:   206 -> do_en: 1	do_re:     6	do_im:   121
Time:2235000		di_en: 1	di_re:   137	di_im:   246 -> do_en: 1	do_re:     7	do_im:   120
Time:2245000		di_en: 1	di_re:   137	di_im:   246 -> do_en: 1	do_re:     8	do_im:   119
Time:2255000		di_en: 1	di_re:   169	di_im:   214 -> do_en: 1	do_re:     9	do_im:   118
Time:2265000		di_en: 1	di_re:   169	di_im:   214 -> do_en: 1	do_re:    10	do_im:   117
Time:2275000		di_en: 1	di_re:   153	di_im:   230 -> do_en: 1	do_re:    11	do_im:   116
Time:2285000		di_en: 1	di_re:   153	di_im:   230 -> do_en: 1	do_re:    12	do_im:   115
Time:2295000		di_en: 1	di_re:   185	di_im:   198 -> do_en: 1	do_re:    13	do_im:   114
Time:2305000		di_en: 1	di_re:   185	di_im:   198 -> do_en: 1	do_re:    14	do_im:   113
Time:2315000		di_en: 1	di_re:   133	di_im:   250 -> do_en: 1	do_re:    15	do_im:   112
Time:2325000		di_en: 1	di_re:   133	di_im:   250 -> do_en: 1	do_re:    16	do_im:   111
Time:2335000		di_en: 1	di_re:   165	di_im:   218 -> do_en: 1	do_re:    17	do_im:   110
Time:2345000		di_en: 1	di_re:   165	di_im:   218 -> do_en: 1	do_re:    18	do_im:   109
Time:2355000		di_en: 1	di_re:   149	di_im:   234 -> do_en: 1	do_re:    19	do_im:   108
Time:2365000		di_en: 1	di_re:   149	di_im:   234 -> do_en: 1	do_re:    20	do_im:   107
Time:2375000		di_en: 1	di_re:   181	di_im:   202 -> do_en: 1	do_re:    21	do_im:   106
Time:2385000		di_en: 1	di_re:   181	di_im:   202 -> do_en: 1	do_re:    22	do_im:   105
Time:2395000		di_en: 1	di_re:   141	di_im:   242 -> do_en: 1	do_re:    23	do_im:   104
Time:2405000		di_en: 1	di_re:   141	di_im:   242 -> do_en: 1	do_re:    24	do_im:   103
Time:2415000		di_en: 1	di_re:   173	di_im:   210 -> do_en: 1	do_re:    25	do_im:   102
Time:2425000		di_en: 1	di_re:   173	di_im:   210 -> do_en: 1	do_re:    26	do_im:   101
Time:2435000		di_en: 1	di_re:   157	di_im:   226 -> do_en: 1	do_re:    27	do_im:   100
Time:2445000		di_en: 1	di_re:   157	di_im:   226 -> do_en: 1	do_re:    28	do_im:    99
Time:2455000		di_en: 1	di_re:   189	di_im:   194 -> do_en: 1	do_re:    29	do_im:    98
Time:2465000		di_en: 1	di_re:   189	di_im:   194 -> do_en: 1	do_re:    30	do_im:    97
Time:2475000		di_en: 1	di_re:   131	di_im:   252 -> do_en: 1	do_re:    31	do_im:    96
Time:2485000		di_en: 1	di_re:   131	di_im:   252 -> do_en: 1	do_re:    32	do_im:    95
Time:2495000		di_en: 1	di_re:   163	di_im:   220 -> do_en: 1	do_re:    33	do_im:    94
Time:2505000		di_en: 1	di_re:   163	di_im:   220 -> do_en: 1	do_re:    34	do_im:    93
Time:2515000		di_en: 1	di_re:   147	di_im:   236 -> do_en: 1	do_re:    35	do_im:    92
Time:2525000		di_en: 1	di_re:   147	di_im:   236 -> do_en: 1	do_re:    36	do_im:    91
Time:2535000		di_en: 1	di_re:   179	di_im:   204 -> do_en: 1	do_re:    37	do_im:    90
Time:2545000		di_en: 1	di_re:   179	di_im:   204 -> do_en: 1	do_re:    38	do_im:    89
Time:2555000		di_en: 1	di_re:   139	di_im:   244 -> do_en: 1	do_re:    39	do_im:    88
Time:2565000		di_en: 1	di_re:   139	di_im:   244 -> do_en: 1	do_re:    40	do_im:    87
Time:2575000		di_en: 1	di_re:   171	di_im:   212 -> do_en: 1	do_re:    41	do_im:    86
Time:2585000		di_en: 1	di_re:   171	di_im:   212 -> do_en: 1	do_re:    42	do_im:    85
Time:2595000		di_en: 1	di_re:   155	di_im:   228 -> do_en: 1	do_re:    43	do_im:    84
Time:2605000		di_en: 1	di_re:   155	di_im:   228 -> do_en: 1	do_re:    44	do_im:    83
Time:2615000		di_en: 1	di_re:   187	di_im:   196 -> do_en: 1	do_re:    45	do_im:    82
Time:2625000		di_en: 1	di_re:   187	di_im:   196 -> do_en: 1	do_re:    46	do_im:    81
Time:2635000		di_en: 1	di_re:   135	di_im:   248 -> do_en: 1	do_re:    47	do_im:    80
Time:2645000		di_en: 1	di_re:   135	di_im:   248 -> do_en: 1	do_re:    48	do_im:    79
Time:2655000		di_en: 1	di_re:   167	di_im:   216 -> do_en: 1	do_re:    49	do_im:    78
Time:2665000		di_en: 1	di_re:   167	di_im:   216 -> do_en: 1	do_re:    50	do_im:    77
Time:2675000		di_en: 1	di_re:   151	di_im:   232 -> do_en: 1	do_re:    51	do_im:    76
Time:2685000		di_en: 1	di_re:   151	di_im:   232 -> do_en: 1	do_re:    52	do_im:    75
Time:2695000		di_en: 1	di_re:   183	di_im:   200 -> do_en: 1	do_re:    53	do_im:    74
Time:2705000		di_en: 1	di_re:   183	di_im:   200 -> do_en: 1	do_re:    54	do_im:    73
Time:2715000		di_en: 1	di_re:   143	di_im:   240 -> do_en: 1	do_re:    55	do_im:    72
Time:2725000		di_en: 1	di_re:   143	di_im:   240 -> do_en: 1	do_re:    56	do_im:    71
Time:2735000		di_en: 1	di_re:   175	di_im:   208 -> do_en: 1	do_re:    57	do_im:    70
Time:2745000		di_en: 1	di_re:   175	di_im:   208 -> do_en: 1	do_re:    58	do_im:    69
Time:2755000		di_en: 1	di_re:   159	di_im:   224 -> do_en: 1	do_re:    59	do_im:    68
Time:2765000		di_en: 1	di_re:   159	di_im:   224 -> do_en: 1	do_re:    60	do_im:    67
Time:2775000		di_en: 1	di_re:   191	di_im:   192 -> do_en: 1	do_re:    61	do_im:    66
Time:2785000		di_en: 1	di_re:   191	di_im:   192 -> do_en: 1	do_re:    62	do_im:    65
Time:2795000		di_en: 0	di_re:   255	di_im:   128 -> do_en: 1	do_re:    63	do_im:    64
Time:2805000		di_en: 0	di_re:   255	di_im:   128 -> do_en: 0	do_re:    63	do_im:    64
Time:2815000		di_en: 0	di_re:   255	di_im:   128 -> do_en: 1	do_re:   128	do_im:   255
Time:2825000		di_en: 0	di_re:   255	di_im:   128 -> do_en: 1	do_re:   129	do_im:   254
Time:2835000		di_en: 0	di_re:   255	di_im:   128 -> do_en: 1	do_re:   130	do_im:   253
Time:2845000		di_en: 0	di_re:   255	di_im:   128 -> do_en: 1	do_re:   131	do_im:   252
Time:2855000		di_en: 0	di_re:   255	di_im:   128 -> do_en: 1	do_re:   132	do_im:   251
Time:2865000		di_en: 0	di_re:   255	di_im:   128 -> do_en: 1	do_re:   133	do_im:   250
Time:2875000		di_en: 0	di_re:   255	di_im:   128 -> do_en: 1	do_re:   134	do_im:   249
Time:2885000		di_en: 0	di_re:   255	di_im:   128 -> do_en: 1	do_re:   135	do_im:   248
Time:2895000		di_en: 0	di_re:   255	di_im:   128 -> do_en: 1	do_re:   136	do_im:   247
Time:2905000		di_en: 0	di_re:   255	di_im:   128 -> do_en: 1	do_re:   137	do_im:   246
Time:2915000		di_en: 0	di_re:   255	di_im:   128 -> do_en: 1	do_re:   138	do_im:   245
Time:2925000		di_en: 0	di_re:   255	di_im:   128 -> do_en: 1	do_re:   139	do_im:   244
Time:2935000		di_en: 0	di_re:   255	di_im:   128 -> do_en: 1	do_re:   140	do_im:   243
Time:2945000		di_en: 0	di_re:   255	di_im:   128 -> do_en: 1	do_re:   141	do_im:   242
Time:2955000		di_en: 0	di_re:   255	di_im:   128 -> do_en: 1	do_re:   142	do_im:   241
Time:2965000		di_en: 0	di_re:   255	di_im:   128 -> do_en: 1	do_re:   143	do_im:   240
Time:2975000		di_en: 0	di_re:   255	di_im:   128 -> do_en: 1	do_re:   144	do_im:   239
Time:2985000		di_en: 0	di_re:   255	di_im:   128 -> do_en: 1	do_re:   145	do_im:   238
Time:2995000		di_en: 0	di_re:   255	di_im:   128 -> do_en: 1	do_re:   146	do_im:   237
Time:3005000		di_en: 0	di_re:   255	di_im:   128 -> do_en: 1	do_re:   147	do_im:   236
Time:3015000		di_en: 0	di_re:   255	di_im:   128 -> do_en: 1	do_re:   148	do_im:   235
Time:3025000		di_en: 0	di_re:   255	di_im:   128 -> do_en: 1	do_re:   149	do_im:   234
Time:3035000		di_en: 0	di_re:   255	di_im:   128 -> do_en: 1	do_re:   150	do_im:   233
Time:3045000		di_en: 0	di_re:   255	di_im:   128 -> do_en: 1	do_re:   151	do_im:   232
Time:3055000		di_en: 0	di_re:   255	di_im:   128 -> do_en: 1	do_re:   152	do_im:   231
Time:3065000		di_en: 0	di_re:   255	di_im:   128 -> do_en: 1	do_re:   153	do_im:   230
Time:3075000		di_en: 0	di_re:   255	di_im:   128 -> do_en: 1	do_re:   154	do_im:   229
Time:3085000		di_en: 0	di_re:   255	di_im:   128 -> do_en: 1	do_re:   155	do_im:   228
Time:3095000		di_en: 0	di_re:   255	di_im:   128 -> do_en: 1	do_re:   156	do_im:   227
Time:3105000		di_en: 0	di_re:   255	di_im:   128 -> do_en: 1	do_re:   157	do_im:   226
Time:3115000		di_en: 0	di_re:   255	di_im:   128 -> do_en: 1	do_re:   158	do_im:   225
Time:3125000		di_en: 0	di_re:   255	di_im:   128 -> do_en: 1	do_re:   159	do_im:   224
Time:3135000		di_en: 0	di_re:   255	di_im:   128 -> do_en: 1	do_re:   160	do_im:   223
Time:3145000		di_en: 0	di_re:   255	di_im:   128 -> do_en: 1	do_re:   161	do_im:   222
Time:3155000		di_en: 0	di_re:   255	di_im:   128 -> do_en: 1	do_re:   162	do_im:   221
Time:3165000		di_en: 0	di_re:   255	di_im:   128 -> do_en: 1	do_re:   163	do_im:   220
Time:3175000		di_en: 0	di_re:   255	di_im:   128 -> do_en: 1	do_re:   164	do_im:   219
Time:3185000		di_en: 0	di_re:   255	di_im:   128 -> do_en: 1	do_re:   165	do_im:   218
Time:3195000		di_en: 0	di_re:   255	di_im:   128 -> do_en: 1	do_re:   166	do_im:   217
Time:3205000		di_en: 0	di_re:   255	di_im:   128 -> do_en: 1	do_re:   167	do_im:   216
Time:3215000		di_en: 0	di_re:   255	di_im:   128 -> do_en: 1	do_re:   168	do_im:   215
Time:3225000		di_en: 0	di_re:   255	di_im:   128 -> do_en: 1	do_re:   169	do_im:   214
Time:3235000		di_en: 0	di_re:   255	di_im:   128 -> do_en: 1	do_re:   170	do_im:   213
Time:3245000		di_en: 0	di_re:   255	di_im:   128 -> do_en: 1	do_re:   171	do_im:   212
Time:3255000		di_en: 0	di_re:   255	di_im:   128 -> do_en: 1	do_re:   172	do_im:   211
Time:3265000		di_en: 0	di_re:   255	di_im:   128 -> do_en: 1	do_re:   173	do_im:   210
Time:3275000		di_en: 0	di_re:   255	di_im:   128 -> do_en: 1	do_re:   174	do_im:   209
Time:3285000		di_en: 0	di_re:   255	di_im:   128 -> do_en: 1	do_re:   175	do_im:   208
Time:3295000		di_en: 0	di_re:   255	di_im:   128 -> do_en: 1	do_re:   176	do_im:   207
Time:3305000		di_en: 0	di_re:   255	di_im:   128 -> do_en: 1	do_re:   177	do_im:   206
Time:3315000		di_en: 0	di_re:   255	di_im:   128 -> do_en: 1	do_re:   178	do_im:   205
Time:3325000		di_en: 0	di_re:   255	di_im:   128 -> do_en: 1	do_re:   179	do_im:   204
Time:3335000		di_en: 0	di_re:   255	di_im:   128 -> do_en: 1	do_re:   180	do_im:   203
Time:3345000		di_en: 0	di_re:   255	di_im:   128 -> do_en: 1	do_re:   181	do_im:   202
Time:3355000		di_en: 0	di_re:   255	di_im:   128 -> do_en: 1	do_re:   182	do_im:   201
Time:3365000		di_en: 0	di_re:   255	di_im:   128 -> do_en: 1	do_re:   183	do_im:   200
Time:3375000		di_en: 0	di_re:   255	di_im:   128 -> do_en: 1	do_re:   184	do_im:   199
Time:3385000		di_en: 0	di_re:   255	di_im:   128 -> do_en: 1	do_re:   185	do_im:   198
Time:3395000		di_en: 0	di_re:   255	di_im:   128 -> do_en: 1	do_re:   186	do_im:   197
Time:3405000		di_en: 0	di_re:   255	di_im:   128 -> do_en: 1	do_re:   187	do_im:   196
Time:3415000		di_en: 0	di_re:   255	di_im:   128 -> do_en: 1	do_re:   188	do_im:   195
Time:3425000		di_en: 0	di_re:   255	di_im:   128 -> do_en: 1	do_re:   189	do_im:   194
Time:3435000		di_en: 0	di_re:   255	di_im:   128 -> do_en: 1	do_re:   190	do_im:   193
Time:3445000		di_en: 0	di_re:   255	di_im:   128 -> do_en: 1	do_re:   191	do_im:   192
Time:3455000		di_en: 0	di_re:   255	di_im:   128 -> do_en: 1	do_re:   128	do_im:   255
Time:3465000		di_en: 0	di_re:   255	di_im:   128 -> do_en: 1	do_re:   129	do_im:   254
Time:3475000		di_en: 0	di_re:   255	di_im:   128 -> do_en: 1	do_re:   130	do_im:   253
Time:3485000		di_en: 0	di_re:   255	di_im:   128 -> do_en: 1	do_re:   131	do_im:   252
Time:3495000		di_en: 0	di_re:   255	di_im:   128 -> do_en: 1	do_re:   132	do_im:   251
Time:3505000		di_en: 0	di_re:   255	di_im:   128 -> do_en: 1	do_re:   133	do_im:   250
Time:3515000		di_en: 0	di_re:   255	di_im:   128 -> do_en: 1	do_re:   134	do_im:   249
Time:3525000		di_en: 0	di_re:   255	di_im:   128 -> do_en: 1	do_re:   135	do_im:   248
Time:3535000		di_en: 0	di_re:   255	di_im:   128 -> do_en: 1	do_re:   136	do_im:   247
Time:3545000		di_en: 0	di_re:   255	di_im:   128 -> do_en: 1	do_re:   137	do_im:   246
Time:3555000		di_en: 0	di_re:   255	di_im:   128 -> do_en: 1	do_re:   138	do_im:   245
Time:3565000		di_en: 0	di_re:   255	di_im:   128 -> do_en: 1	do_re:   139	do_im:   244
Time:3575000		di_en: 0	di_re:   255	di_im:   128 -> do_en: 1	do_re:   140	do_im:   243
Time:3585000		di_en: 0	di_re:   255	di_im:   128 -> do_en: 1	do_re:   141	do_im:   242
Time:3595000		di_en: 0	di_re:   255	di_im:   128 -> do_en: 1	do_re:   142	do_im:   241
Time:3605000		di_en: 0	di_re:   255	di_im:   128 -> do_en: 1	do_re:   143	do_im:   240
Time:3615000		di_en: 0	di_re:   255	di_im:   128 -> do_en: 1	do_re:   144	do_im:   239
Time:3625000		di_en: 0	di_re:   255	di_im:   128 -> do_en: 1	do_re:   145	do_im:   238
Time:3635000		di_en: 0	di_re:   255	di_im:   128 -> do_en: 1	do_re:   146	do_im:   237
Time:3645000		di_en: 0	di_re:   255	di_im:   128 -> do_en: 1	do_re:   147	do_im:   236
Time:3655000		di_en: 0	di_re:   255	di_im:   128 -> do_en: 1	do_re:   148	do_im:   235
Time:3665000		di_en: 0	di_re:   255	di_im:   128 -> do_en: 1	do_re:   149	do_im:   234
Time:3675000		di_en: 0	di_re:   255	di_im:   128 -> do_en: 1	do_re:   150	do_im:   233
Time:3685000		di_en: 0	di_re:   255	di_im:   128 -> do_en: 1	do_re:   151	do_im:   232
Time:3695000		di_en: 0	di_re:   255	di_im:   128 -> do_en: 1	do_re:   152	do_im:   231
Time:3705000		di_en: 0	di_re:   255	di_im:   128 -> do_en: 1	do_re:   153	do_im:   230
Time:3715000		di_en: 0	di_re:   255	di_im:   128 -> do_en: 1	do_re:   154	do_im:   229
Time:3725000		di_en: 0	di_re:   255	di_im:   128 -> do_en: 1	do_re:   155	do_im:   228
Time:3735000		di_en: 0	di_re:   255	di_im:   128 -> do_en: 1	do_re:   156	do_im:   227
Time:3745000		di_en: 0	di_re:   255	di_im:   128 -> do_en: 1	do_re:   157	do_im:   226
Time:3755000		di_en: 0	di_re:   255	di_im:   128 -> do_en: 1	do_re:   158	do_im:   225
Time:3765000		di_en: 0	di_re:   255	di_im:   128 -> do_en: 1	do_re:   159	do_im:   224
Time:3775000		di_en: 0	di_re:   255	di_im:   128 -> do_en: 1	do_re:   160	do_im:   223
Time:3785000		di_en: 0	di_re:   255	di_im:   128 -> do_en: 1	do_re:   161	do_im:   222
Time:3795000		di_en: 0	di_re:   255	di_im:   128 -> do_en: 1	do_re:   162	do_im:   221
Time:3805000		di_en: 0	di_re:   255	di_im:   128 -> do_en: 1	do_re:   163	do_im:   220
Time:3815000		di_en: 0	di_re:   255	di_im:   128 -> do_en: 1	do_re:   164	do_im:   219
Time:3825000		di_en: 0	di_re:   255	di_im:   128 -> do_en: 1	do_re:   165	do_im:   218
Time:3835000		di_en: 0	di_re:   255	di_im:   128 -> do_en: 1	do_re:   166	do_im:   217
Time:3845000		di_en: 0	di_re:   255	di_im:   128 -> do_en: 1	do_re:   167	do_im:   216
Time:3855000		di_en: 0	di_re:   255	di_im:   128 -> do_en: 1	do_re:   168	do_im:   215
Time:3865000		di_en: 0	di_re:   255	di_im:   128 -> do_en: 1	do_re:   169	do_im:   214
Time:3875000		di_en: 0	di_re:   255	di_im:   128 -> do_en: 1	do_re:   170	do_im:   213
Time:3885000		di_en: 0	di_re:   255	di_im:   128 -> do_en: 1	do_re:   171	do_im:   212
Time:3895000		di_en: 0	di_re:   255	di_im:   128 -> do_en: 1	do_re:   172	do_im:   211
Time:3905000		di_en: 0	di_re:   255	di_im:   128 -> do_en: 1	do_re:   173	do_im:   210
Time:3915000		di_en: 0	di_re:   255	di_im:   128 -> do_en: 1	do_re:   174	do_im:   209
Time:3925000		di_en: 0	di_re:   255	di_im:   128 -> do_en: 1	do_re:   175	do_im:   208
Time:3935000		di_en: 0	di_re:   255	di_im:   128 -> do_en: 1	do_re:   176	do_im:   207
Time:3945000		di_en: 0	di_re:   255	di_im:   128 -> do_en: 1	do_re:   177	do_im:   206
Time:3955000		di_en: 0	di_re:   255	di_im:   128 -> do_en: 1	do_re:   178	do_im:   205
Time:3965000		di_en: 0	di_re:   255	di_im:   128 -> do_en: 1	do_re:   179	do_im:   204
Time:3975000		di_en: 0	di_re:   255	di_im:   128 -> do_en: 1	do_re:   180	do_im:   203
Time:3985000		di_en: 0	di_re:   255	di_im:   128 -> do_en: 1	do_re:   181	do_im:   202
Time:3995000		di_en: 0	di_re:   255	di_im:   128 -> do_en: 1	do_re:   182	do_im:   201
Time:4005000		di_en: 0	di_re:   255	di_im:   128 -> do_en: 1	do_re:   183	do_im:   200
Time:4015000		di_en: 0	di_re:   255	di_im:   128 -> do_en: 1	do_re:   184	do_im:   199
Time:4025000		di_en: 0	di_re:   255	di_im:   128 -> do_en: 1	do_re:   185	do_im:   198
Time:4035000		di_en: 0	di_re:   255	di_im:   128 -> do_en: 1	do_re:   186	do_im:   197
Time:4045000		di_en: 0	di_re:   255	di_im:   128 -> do_en: 1	do_re:   187	do_im:   196
Time:4055000		di_en: 0	di_re:   255	di_im:   128 -> do_en: 1	do_re:   188	do_im:   195
Time:4065000		di_en: 0	di_re:   255	di_im:   128 -> do_en: 1	do_re:   189	do_im:   194
Time:4075000		di_en: 0	di_re:   255	di_im:   128 -> do_en: 1	do_re:   190	do_im:   193
Time:4085000		di_en: 0	di_re:   255	di_im:   128 -> do_en: 1	do_re:   191	do_im:   192
Time:4095000		di_en: 0	di_re:   255	di_im:   128 -> do_en: 0	do_re:   191	do_im:   192
Time:4105000		di_en: 0	di_re:   255	di_im:   128 -> do_en: 0	do_re:   191	do_im:   192
Time:4115000		di_en: 0	di_re:   255	di_im:   128 -> do_en: 0	do_re:   191	do_im:   192
Time:4125000		di_en: 0	di_re:   255	di_im:   128 -> do_en: 0	do_re:   191	do_im:   192
Time:4135000		di_en: 0	di_re:   255	di_im:   128 -> do_en: 0	do_re:   191	do_im:   192
Time:4145000		di_en: 0	di_re:   255	di_im:   128 -> do_en: 0	do_re:   191	do_im:   192
Time:4155000		di_en: 0	di_re:   255	di_im:   128 -> do_en: 0	do_re:   191	do_im:   192
Time:4165000		di_en: 0	di_re:   255	di_im:   128 -> do_en: 0	do_re:   191	do_im:   192
Time:4175000		di_en: 0	di_re:   255	di_im:   128 -> do_en: 0	do_re:   191	do_im:   192
Time:4185000		di_en: 0	di_re:   255	di_im:   128 -> do_en: 0	do_re:   191	do_im:   192
Time:4195000		di_en: 0	di_re:   255	di_im:   128 -> do_en: 0	do_re:   191	do_im:   192
Time:4205000		di_en: 0	di_re:   255	di_im:   128 -> do_en: 0	do_re:   191	do_im:   192
Time:4215000		di_en: 0	di_re:   255	di_im:   128 -> do_en: 0	do_re:   191	do_im:   192
Time:4225000		di_en: 0	di_re:   255	di_im:   128 -> do_en: 0	do_re:   191	do_im:   192
Time:4235000		di_en: 0	di_re:   255	di_im:   128 -> do_en: 0	do_re:   191	do_im:   192
Time:4245000		di_en: 0	di_re:   255	di_im:   128 -> do_en: 0	do_re:   191	do_im:   192
Time:4255000		di_en: 0	di_re:   255	di_im:   128 -> do_en: 0	do_re:   191	do_im:   192
Time:4265000		di_en: 0	di_re:   255	di_im:   128 -> do_en: 0	do_re:   191	do_im:   192
Time:4275000		di_en: 0	di_re:   255	di_im:   128 -> do_en: 0	do_re:   191	do_im:   192
Time:4285000		di_en: 0	di_re:   255	di_im:   128 -> do_en: 0	do_re:   191	do_im:   192
Time:4295000		di_en: 0	di_re:   255	di_im:   128 -> do_en: 0	do_re:   191	do_im:   192
Time:4305000		di_en: 0	di_re:   255	di_im:   128 -> do_en: 0	do_re:   191	do_im:   192
Time:4315000		di_en: 0	di_re:   255	di_im:   128 -> do_en: 0	do_re:   191	do_im:   192
Time:4325000		di_en: 0	di_re:   255	di_im:   128 -> do_en: 0	do_re:   191	do_im:   192
Time:4335000		di_en: 0	di_re:   255	di_im:   128 -> do_en: 0	do_re:   191	do_im:   192
Time:4345000		di_en: 0	di_re:   255	di_im:   128 -> do_en: 0	do_re:   191	do_im:   192
Time:4355000		di_en: 0	di_re:   255	di_im:   128 -> do_en: 0	do_re:   191	do_im:   192
Time:4365000		di_en: 0	di_re:   255	di_im:   128 -> do_en: 0	do_re:   191	do_im:   192
Time:4375000		di_en: 0	di_re:   255	di_im:   128 -> do_en: 0	do_re:   191	do_im:   192
Time:4385000		di_en: 0	di_re:   255	di_im:   128 -> do_en: 0	do_re:   191	do_im:   192
Time:4395000		di_en: 0	di_re:   255	di_im:   128 -> do_en: 0	do_re:   191	do_im:   192
Time:4405000		di_en: 0	di_re:   255	di_im:   128 -> do_en: 0	do_re:   191	do_im:   192
Time:4415000		di_en: 0	di_re:   255	di_im:   128 -> do_en: 0	do_re:   191	do_im:   192
Time:4425000		di_en: 0	di_re:   255	di_im:   128 -> do_en: 0	do_re:   191	do_im:   192
Time:4435000		di_en: 0	di_re:   255	di_im:   128 -> do_en: 0	do_re:   191	do_im:   192
Time:4445000		di_en: 0	di_re:   255	di_im:   128 -> do_en: 0	do_re:   191	do_im:   192
Time:4455000		di_en: 0	di_re:   255	di_im:   128 -> do_en: 0	do_re:   191	do_im:   192
Time:4465000		di_en: 0	di_re:   255	di_im:   128 -> do_en: 0	do_re:   191	do_im:   192
Time:4475000		di_en: 0	di_re:   255	di_im:   128 -> do_en: 0	do_re:   191	do_im:   192
Time:4485000		di_en: 0	di_re:   255	di_im:   128 -> do_en: 0	do_re:   191	do_im:   192
Time:4495000		di_en: 0	di_re:   255	di_im:   128 -> do_en: 0	do_re:   191	do_im:   192
Time:4505000		di_en: 0	di_re:   255	di_im:   128 -> do_en: 0	do_re:   191	do_im:   192
Time:4515000		di_en: 0	di_re:   255	di_im:   128 -> do_en: 0	do_re:   191	do_im:   192
Time:4525000		di_en: 0	di_re:   255	di_im:   128 -> do_en: 0	do_re:   191	do_im:   192
Time:4535000		di_en: 0	di_re:   255	di_im:   128 -> do_en: 0	do_re:   191	do_im:   192
Time:4545000		di_en: 0	di_re:   255	di_im:   128 -> do_en: 0	do_re:   191	do_im:   192
Time:4555000		di_en: 0	di_re:   255	di_im:   128 -> do_en: 0	do_re:   191	do_im:   192
Time:4565000		di_en: 0	di_re:   255	di_im:   128 -> do_en: 0	do_re:   191	do_im:   192
Time:4575000		di_en: 0	di_re:   255	di_im:   128 -> do_en: 0	do_re:   191	do_im:   192
Time:4585000		di_en: 0	di_re:   255	di_im:   128 -> do_en: 0	do_re:   191	do_im:   192
Time:4595000		di_en: 0	di_re:   255	di_im:   128 -> do_en: 0	do_re:   191	do_im:   192
Time:4605000		di_en: 0	di_re:   255	di_im:   128 -> do_en: 0	do_re:   191	do_im:   192
Time:4615000		di_en: 0	di_re:   255	di_im:   128 -> do_en: 0	do_re:   191	do_im:   192
Time:4625000		di_en: 0	di_re:   255	di_im:   128 -> do_en: 0	do_re:   191	do_im:   192
Time:4635000		di_en: 0	di_re:   255	di_im:   128 -> do_en: 0	do_re:   191	do_im:   192
Time:4645000		di_en: 0	di_re:   255	di_im:   128 -> do_en: 0	do_re:   191	do_im:   192
Time:4655000		di_en: 0	di_re:   255	di_im:   128 -> do_en: 0	do_re:   191	do_im:   192
Time:4665000		di_en: 0	di_re:   255	di_im:   128 -> do_en: 0	do_re:   191	do_im:   192
Time:4675000		di_en: 0	di_re:   255	di_im:   128 -> do_en: 0	do_re:   191	do_im:   192
Time:4685000		di_en: 0	di_re:   255	di_im:   128 -> do_en: 0	do_re:   191	do_im:   192
Time:4695000		di_en: 0	di_re:   255	di_im:   128 -> do_en: 0	do_re:   191	do_im:   192
Time:4705000		di_en: 0	di_re:   255	di_im:   128 -> do_en: 0	do_re:   191	do_im:   192
Time:4715000		di_en: 0	di_re:   255	di_im:   128 -> do_en: 0	do_re:   191	do_im:   192
Time:4725000		di_en: 0	di_re:   255	di_im:   128 -> do_en: 0	do_re:   191	do_im:   192
Time:4735000		di_en: 0	di_re:   255	di_im:   128 -> do_en: 0	do_re:   191	do_im:   192
Time:4745000		di_en: 0	di_re:   255	di_im:   128 -> do_en: 0	do_re:   191	do_im:   192
Time:4755000		di_en: 0	di_re:   255	di_im:   128 -> do_en: 0	do_re:   191	do_im:   192
Time:4765000		di_en: 0	di_re:   255	di_im:   128 -> do_en: 0	do_re:   191	do_im:   192
Time:4775000		di_en: 0	di_re:   255	di_im:   128 -> do_en: 0	do_re:   191	do_im:   192
Time:4785000		di_en: 0	di_re:   255	di_im:   128 -> do_en: 0	do_re:   191	do_im:   192
Time:4795000		di_en: 0	di_re:   255	di_im:   128 -> do_en: 0	do_re:   191	do_im:   192
